2021-06-26 22:58:26 [INFO] gpu_num = 0
bert_model = "roberta-large"
hidden_layer = 1024
dropout = 0.3
with_mention_width = true
with_head_attention = true
embedding_dimension = 20
max_mention_span = 10
mention_type = "events"
subtopic = true
segment_window = 512
exact = false
random_seed = 0
epochs = 10
batch_size = 16
learning_rate = 0.0001
weight_decay = 0
loss = "bce"
optimizer = "adam"
adam_epsilon = 1e-08
log_path = "logs/span_scorer"
data_folder = "data/ecb/mentions"
model_path = "models/span_scorers"
exp_num = 0
2021-06-26 22:58:28 [INFO] Split - train
